[0.093s] Invoking command in '/media/kai/Kai_Backup/Master_Study/Master_Thesis/Implementation/libfranka_ws/build/garmi_controllers': CMAKE_PREFIX_PATH=${CMAKE_PREFIX_PATH}:/opt/ros/humble /usr/bin/cmake /media/kai/Kai_Backup/Master_Study/Master_Thesis/Implementation/libfranka_ws/src/multipanda_ros2/garmi_packages/garmi_controllers -DAMENT_CMAKE_SYMLINK_INSTALL=1 -DCMAKE_INSTALL_PREFIX=/media/kai/Kai_Backup/Master_Study/Master_Thesis/Implementation/libfranka_ws/install/garmi_controllers
[0.848s] -- The C compiler identification is GNU 11.4.0
[0.848s] -- The CXX compiler identification is GNU 11.4.0
[0.848s] -- Detecting C compiler ABI info
[0.848s] -- Detecting C compiler ABI info - done
[0.848s] -- Check for working C compiler: /usr/bin/cc - skipped
[0.848s] -- Detecting C compile features
[0.849s] -- Detecting C compile features - done
[0.849s] -- Detecting CXX compiler ABI info
[0.849s] -- Detecting CXX compiler ABI info - done
[0.849s] -- Check for working CXX compiler: /usr/bin/c++ - skipped
[0.849s] -- Detecting CXX compile features
[0.849s] -- Detecting CXX compile features - done
[0.849s] -- Found ament_cmake: 1.3.12 (/opt/ros/humble/share/ament_cmake/cmake)
[1.092s] -- Found Python3: /usr/bin/python3 (found version "3.10.12") found components: Interpreter 
[1.298s] -- Override CMake install command with custom implementation using symlinks instead of copying resources
[1.549s] -- Found rclcpp: 16.0.15 (/opt/ros/humble/share/rclcpp/cmake)
[1.759s] -- Found rosidl_generator_c: 3.1.7 (/opt/ros/humble/share/rosidl_generator_c/cmake)
[1.800s] -- Found rosidl_adapter: 3.1.7 (/opt/ros/humble/share/rosidl_adapter/cmake)
[1.871s] -- Found rosidl_generator_cpp: 3.1.7 (/opt/ros/humble/share/rosidl_generator_cpp/cmake)
[1.965s] -- Using all available rosidl_typesupport_c: rosidl_typesupport_fastrtps_c;rosidl_typesupport_introspection_c
[2.053s] -- Using all available rosidl_typesupport_cpp: rosidl_typesupport_fastrtps_cpp;rosidl_typesupport_introspection_cpp
[2.451s] -- Found rmw_implementation_cmake: 6.1.2 (/opt/ros/humble/share/rmw_implementation_cmake/cmake)
[2.468s] -- Found rmw_fastrtps_cpp: 6.2.8 (/opt/ros/humble/share/rmw_fastrtps_cpp/cmake)
[2.922s] -- Found OpenSSL: /usr/lib/x86_64-linux-gnu/libcrypto.so (found version "3.0.2")  
[3.157s] -- Found FastRTPS: /opt/ros/humble/include  
[3.517s] -- Using RMW implementation 'rmw_fastrtps_cpp' as default
[3.630s] -- Looking for pthread.h
[4.360s] -- Looking for pthread.h - found
[4.361s] -- Performing Test CMAKE_HAVE_LIBC_PTHREAD
[4.976s] -- Performing Test CMAKE_HAVE_LIBC_PTHREAD - Success
[4.977s] -- Found Threads: TRUE  
[5.501s] -- Found controller_interface: 2.52.0 (/opt/ros/humble/share/controller_interface/cmake)
[7.308s] -- Found generate_parameter_library: 0.5.0 (/opt/ros/humble/share/generate_parameter_library/cmake)
[7.320s] -- Found parameter_traits: 0.5.0 (/opt/ros/humble/share/parameter_traits/cmake)
[7.427s] -- Found nav_msgs: 4.9.0 (/opt/ros/humble/share/nav_msgs/cmake)
[7.538s] -- Found ament_lint_auto: 0.12.14 (/opt/ros/humble/share/ament_lint_auto/cmake)
[8.077s] -- Added test 'cppcheck' to perform static code analysis on C / C++ code
[8.077s] -- Configured cppcheck include dirs: /media/kai/Kai_Backup/Master_Study/Master_Thesis/Implementation/libfranka_ws/src/multipanda_ros2/garmi_packages/garmi_controllers/include
[8.077s] -- Configured cppcheck exclude dirs and/or files: 
[8.083s] -- Added test 'lint_cmake' to check CMake code style
[8.114s] -- Added test 'uncrustify' to check C / C++ code style
[8.114s] -- Configured uncrustify additional arguments: 
[8.115s] -- Added test 'xmllint' to check XML markup files
[8.122s] -- Configuring done
[8.272s] -- Generating done
[8.285s] -- Build files have been written to: /media/kai/Kai_Backup/Master_Study/Master_Thesis/Implementation/libfranka_ws/build/garmi_controllers
[8.338s] Invoked command in '/media/kai/Kai_Backup/Master_Study/Master_Thesis/Implementation/libfranka_ws/build/garmi_controllers' returned '0': CMAKE_PREFIX_PATH=${CMAKE_PREFIX_PATH}:/opt/ros/humble /usr/bin/cmake /media/kai/Kai_Backup/Master_Study/Master_Thesis/Implementation/libfranka_ws/src/multipanda_ros2/garmi_packages/garmi_controllers -DAMENT_CMAKE_SYMLINK_INSTALL=1 -DCMAKE_INSTALL_PREFIX=/media/kai/Kai_Backup/Master_Study/Master_Thesis/Implementation/libfranka_ws/install/garmi_controllers
[8.338s] Invoking command in '/media/kai/Kai_Backup/Master_Study/Master_Thesis/Implementation/libfranka_ws/build/garmi_controllers': CMAKE_PREFIX_PATH=${CMAKE_PREFIX_PATH}:/opt/ros/humble /usr/bin/cmake --build /media/kai/Kai_Backup/Master_Study/Master_Thesis/Implementation/libfranka_ws/build/garmi_controllers -- -j12 -l12
[8.944s] [ 33%] [32mBuilding CXX object CMakeFiles/garmi_controllers.dir/src/mobile_base_controller.cpp.o[0m
[20.514s] [01m[K/media/kai/Kai_Backup/Master_Study/Master_Thesis/Implementation/libfranka_ws/src/multipanda_ros2/garmi_packages/garmi_controllers/src/mobile_base_controller.cpp:[m[K In member function â€˜[01m[Kvirtual controller_interface::return_type garmi_controllers::MobileBaseController::update(const rclcpp::Time&, const rclcpp::Duration&)[m[Kâ€™:
[20.515s] [01m[K/media/kai/Kai_Backup/Master_Study/Master_Thesis/Implementation/libfranka_ws/src/multipanda_ros2/garmi_packages/garmi_controllers/src/mobile_base_controller.cpp:28:84:[m[K [01;35m[Kwarning: [m[Kunused parameter â€˜[01m[Ktime[m[Kâ€™ [[01;35m[K]8;;https://gcc.gnu.org/onlinedocs/gcc/Warning-Options.html#index-Wunused-parameter-Wunused-parameter]8;;[m[K]
[20.515s]    28 | controller_interface::return_type MobileBaseController::update([01;35m[Kconst rclcpp::Time& time[m[K,
[20.515s]       |                                                                [01;35m[K~~~~~~~~~~~~~~~~~~~~^~~~[m[K
[20.515s] [01m[K/media/kai/Kai_Backup/Master_Study/Master_Thesis/Implementation/libfranka_ws/src/multipanda_ros2/garmi_packages/garmi_controllers/src/mobile_base_controller.cpp:29:88:[m[K [01;35m[Kwarning: [m[Kunused parameter â€˜[01m[Kperiod[m[Kâ€™ [[01;35m[K]8;;https://gcc.gnu.org/onlinedocs/gcc/Warning-Options.html#index-Wunused-parameter-Wunused-parameter]8;;[m[K]
[20.516s]    29 |                                                                [01;35m[Kconst rclcpp::Duration& period[m[K){
[20.516s]       |                                                                [01;35m[K~~~~~~~~~~~~~~~~~~~~~~~~^~~~~~[m[K
[20.747s] [01m[K/media/kai/Kai_Backup/Master_Study/Master_Thesis/Implementation/libfranka_ws/src/multipanda_ros2/garmi_packages/garmi_controllers/src/mobile_base_controller.cpp:[m[K In member function â€˜[01m[Kvirtual CallbackReturn garmi_controllers::MobileBaseController::on_configure(const rclcpp_lifecycle::State&)[m[Kâ€™:
[20.747s] [01m[K/media/kai/Kai_Backup/Master_Study/Master_Thesis/Implementation/libfranka_ws/src/multipanda_ros2/garmi_packages/garmi_controllers/src/mobile_base_controller.cpp:52:82:[m[K [01;35m[Kwarning: [m[Kunused parameter â€˜[01m[Kprevious_state[m[Kâ€™ [[01;35m[K]8;;https://gcc.gnu.org/onlinedocs/gcc/Warning-Options.html#index-Wunused-parameter-Wunused-parameter]8;;[m[K]
[20.747s]    52 | CallbackReturn MobileBaseController::on_configure([01;35m[Kconst rclcpp_lifecycle::State& previous_state[m[K){
[20.748s]       |                                                   [01;35m[K~~~~~~~~~~~~~~~~~~~~~~~~~~~~~~~^~~~~~~~~~~~~~[m[K
[20.748s] [01m[K/media/kai/Kai_Backup/Master_Study/Master_Thesis/Implementation/libfranka_ws/src/multipanda_ros2/garmi_packages/garmi_controllers/src/mobile_base_controller.cpp:[m[K In member function â€˜[01m[Kvirtual CallbackReturn garmi_controllers::MobileBaseController::on_activate(const rclcpp_lifecycle::State&)[m[Kâ€™:
[20.748s] [01m[K/media/kai/Kai_Backup/Master_Study/Master_Thesis/Implementation/libfranka_ws/src/multipanda_ros2/garmi_packages/garmi_controllers/src/mobile_base_controller.cpp:60:81:[m[K [01;35m[Kwarning: [m[Kunused parameter â€˜[01m[Kprevious_state[m[Kâ€™ [[01;35m[K]8;;https://gcc.gnu.org/onlinedocs/gcc/Warning-Options.html#index-Wunused-parameter-Wunused-parameter]8;;[m[K]
[20.748s]    60 | CallbackReturn MobileBaseController::on_activate([01;35m[Kconst rclcpp_lifecycle::State& previous_state[m[K){
[20.748s]       |                                                  [01;35m[K~~~~~~~~~~~~~~~~~~~~~~~~~~~~~~~^~~~~~~~~~~~~~[m[K
[20.748s] [01m[K/media/kai/Kai_Backup/Master_Study/Master_Thesis/Implementation/libfranka_ws/src/multipanda_ros2/garmi_packages/garmi_controllers/src/mobile_base_controller.cpp:[m[K In member function â€˜[01m[Kvirtual CallbackReturn garmi_controllers::MobileBaseController::on_deactivate(const rclcpp_lifecycle::State&)[m[Kâ€™:
[20.748s] [01m[K/media/kai/Kai_Backup/Master_Study/Master_Thesis/Implementation/libfranka_ws/src/multipanda_ros2/garmi_packages/garmi_controllers/src/mobile_base_controller.cpp:66:83:[m[K [01;35m[Kwarning: [m[Kunused parameter â€˜[01m[Kprevious_state[m[Kâ€™ [[01;35m[K]8;;https://gcc.gnu.org/onlinedocs/gcc/Warning-Options.html#index-Wunused-parameter-Wunused-parameter]8;;[m[K]
[20.748s]    66 | CallbackReturn MobileBaseController::on_deactivate([01;35m[Kconst rclcpp_lifecycle::State& previous_state[m[K){
[20.749s]       |                                                    [01;35m[K~~~~~~~~~~~~~~~~~~~~~~~~~~~~~~~^~~~~~~~~~~~~~[m[K
[39.627s] [ 66%] [32mBuilding CXX object CMakeFiles/garmi_controllers.dir/src/head_controller.cpp.o[0m
[40.791s] In file included from [01m[K/media/kai/Kai_Backup/Master_Study/Master_Thesis/Implementation/libfranka_ws/src/multipanda_ros2/garmi_packages/garmi_controllers/src/head_controller.cpp:1[m[K:
[40.791s] [01m[K/media/kai/Kai_Backup/Master_Study/Master_Thesis/Implementation/libfranka_ws/src/multipanda_ros2/garmi_packages/garmi_controllers/include/garmi_controllers/head_controller.hpp:23:10:[m[K [01;31m[Kfatal error: [m[Ksensor_msgs/sensor_msgs/msg/joint_state.hpp: No such file or directory
[40.791s]    23 | #include [01;31m[K<sensor_msgs/sensor_msgs/msg/joint_state.hpp>[m[K
[40.791s]       |          [01;31m[K^~~~~~~~~~~~~~~~~~~~~~~~~~~~~~~~~~~~~~~~~~~~~[m[K
[40.791s] compilation terminated.
[40.803s] gmake[2]: *** [CMakeFiles/garmi_controllers.dir/build.make:90: CMakeFiles/garmi_controllers.dir/src/head_controller.cpp.o] Error 1
[40.804s] gmake[1]: *** [CMakeFiles/Makefile2:137: CMakeFiles/garmi_controllers.dir/all] Error 2
[40.804s] gmake: *** [Makefile:146: all] Error 2
[40.807s] Invoked command in '/media/kai/Kai_Backup/Master_Study/Master_Thesis/Implementation/libfranka_ws/build/garmi_controllers' returned '2': CMAKE_PREFIX_PATH=${CMAKE_PREFIX_PATH}:/opt/ros/humble /usr/bin/cmake --build /media/kai/Kai_Backup/Master_Study/Master_Thesis/Implementation/libfranka_ws/build/garmi_controllers -- -j12 -l12
