Performing C SOURCE FILE Test SUPPORTS_LLD failed with the following output:
Change Dir: /media/kai/Kai_Backup/Master_Study/Master_Thesis/Implementation/libfranka_ws/build/mujoco_ros/CMakeFiles/CMakeTmp

Run Build Command(s):/usr/bin/gmake -f Makefile cmTC_c24ea/fast && /usr/bin/gmake  -f CMakeFiles/cmTC_c24ea.dir/build.make CMakeFiles/cmTC_c24ea.dir/build
gmake[1]: Entering directory '/media/kai/Kai_Backup/Master_Study/Master_Thesis/Implementation/libfranka_ws/build/mujoco_ros/CMakeFiles/CMakeTmp'
Building C object CMakeFiles/cmTC_c24ea.dir/src.c.o
/usr/bin/cc -DSUPPORTS_LLD  -fuse-ld=lld -fPIE -std=c11 -o CMakeFiles/cmTC_c24ea.dir/src.c.o -c /media/kai/Kai_Backup/Master_Study/Master_Thesis/Implementation/libfranka_ws/build/mujoco_ros/CMakeFiles/CMakeTmp/src.c
Linking C executable cmTC_c24ea
/usr/bin/cmake -E cmake_link_script CMakeFiles/cmTC_c24ea.dir/link.txt --verbose=1
/usr/bin/cc  -fuse-ld=lld CMakeFiles/cmTC_c24ea.dir/src.c.o -o cmTC_c24ea 
collect2: fatal error: cannot find ‘ld’
compilation terminated.
gmake[1]: *** [CMakeFiles/cmTC_c24ea.dir/build.make:99: cmTC_c24ea] Error 1
gmake[1]: Leaving directory '/media/kai/Kai_Backup/Master_Study/Master_Thesis/Implementation/libfranka_ws/build/mujoco_ros/CMakeFiles/CMakeTmp'
gmake: *** [Makefile:127: cmTC_c24ea/fast] Error 2


Source file was:
int main() {}
