[35m[1mConsolidate compiler generated dependencies of target garmi_controllers[0m
[ 33%] [32mBuilding CXX object CMakeFiles/garmi_controllers.dir/src/head_controller.cpp.o[0m
In file included from [01m[K/media/kai/Kai_Backup/Master_Study/Master_Thesis/Implementation/libfranka_ws/src/multipanda_ros2/garmi_packages/garmi_controllers/src/head_controller.cpp:1[m[K:
[01m[K/media/kai/Kai_Backup/Master_Study/Master_Thesis/Implementation/libfranka_ws/src/multipanda_ros2/garmi_packages/garmi_controllers/include/garmi_controllers/head_controller.hpp:23:10:[m[K [01;31m[Kfatal error: [m[Ksensor_msgs/sensor_msgs/msg/joint_state.hpp: No such file or directory
   23 | #include [01;31m[K<sensor_msgs/sensor_msgs/msg/joint_state.hpp>[m[K
      |          [01;31m[K^~~~~~~~~~~~~~~~~~~~~~~~~~~~~~~~~~~~~~~~~~~~~[m[K
compilation terminated.
gmake[2]: *** [CMakeFiles/garmi_controllers.dir/build.make:90: CMakeFiles/garmi_controllers.dir/src/head_controller.cpp.o] Error 1
gmake[1]: *** [CMakeFiles/Makefile2:137: CMakeFiles/garmi_controllers.dir/all] Error 2
gmake: *** [Makefile:146: all] Error 2
