[0.110s] Invoking command in '/media/kai/Kai_Backup/Master_Study/Master_Thesis/Implementation/libfranka_ws/build/garmi_controllers': CMAKE_PREFIX_PATH=${CMAKE_PREFIX_PATH}:/opt/ros/humble /usr/bin/cmake --build /media/kai/Kai_Backup/Master_Study/Master_Thesis/Implementation/libfranka_ws/build/garmi_controllers -- -j12 -l12
[2.041s] [35m[1mConsolidate compiler generated dependencies of target garmi_controllers[0m
[2.041s] [ 33%] [32mBuilding CXX object CMakeFiles/garmi_controllers.dir/src/head_controller.cpp.o[0m
[3.267s] In file included from [01m[K/media/kai/Kai_Backup/Master_Study/Master_Thesis/Implementation/libfranka_ws/src/multipanda_ros2/garmi_packages/garmi_controllers/src/head_controller.cpp:1[m[K:
[3.268s] [01m[K/media/kai/Kai_Backup/Master_Study/Master_Thesis/Implementation/libfranka_ws/src/multipanda_ros2/garmi_packages/garmi_controllers/include/garmi_controllers/head_controller.hpp:23:10:[m[K [01;31m[Kfatal error: [m[Ksensor_msgs/sensor_msgs/msg/joint_state.hpp: No such file or directory
[3.268s]    23 | #include [01;31m[K<sensor_msgs/sensor_msgs/msg/joint_state.hpp>[m[K
[3.268s]       |          [01;31m[K^~~~~~~~~~~~~~~~~~~~~~~~~~~~~~~~~~~~~~~~~~~~~[m[K
[3.268s] compilation terminated.
[3.290s] gmake[2]: *** [CMakeFiles/garmi_controllers.dir/build.make:90: CMakeFiles/garmi_controllers.dir/src/head_controller.cpp.o] Error 1
[3.291s] gmake[1]: *** [CMakeFiles/Makefile2:137: CMakeFiles/garmi_controllers.dir/all] Error 2
[3.291s] gmake: *** [Makefile:146: all] Error 2
[3.295s] Invoked command in '/media/kai/Kai_Backup/Master_Study/Master_Thesis/Implementation/libfranka_ws/build/garmi_controllers' returned '2': CMAKE_PREFIX_PATH=${CMAKE_PREFIX_PATH}:/opt/ros/humble /usr/bin/cmake --build /media/kai/Kai_Backup/Master_Study/Master_Thesis/Implementation/libfranka_ws/build/garmi_controllers -- -j12 -l12
