[0.094s] Invoking command in '/media/kai/Kai_Backup/Master_Study/Master_Thesis/Implementation/libfranka_ws/build/garmi_controllers': CMAKE_PREFIX_PATH=${CMAKE_PREFIX_PATH}:/opt/ros/humble /usr/bin/cmake --build /media/kai/Kai_Backup/Master_Study/Master_Thesis/Implementation/libfranka_ws/build/garmi_controllers -- -j12 -l12
[2.238s] [ 33%] [32mBuilding CXX object CMakeFiles/garmi_controllers.dir/src/head_controller.cpp.o[0m
[3.577s] In file included from [01m[K/media/kai/Kai_Backup/Master_Study/Master_Thesis/Implementation/libfranka_ws/src/multipanda_ros2/garmi_packages/garmi_controllers/src/head_controller.cpp:1[m[K:
[3.579s] [01m[K/media/kai/Kai_Backup/Master_Study/Master_Thesis/Implementation/libfranka_ws/src/multipanda_ros2/garmi_packages/garmi_controllers/include/garmi_controllers/head_controller.hpp:24:10:[m[K [01;31m[Kfatal error: [m[Kstd_msgs/std_msgs/msg/float64_multi_array.hpp: No such file or directory
[3.579s]    24 | #include [01;31m[K<std_msgs/std_msgs/msg/float64_multi_array.hpp>[m[K
[3.579s]       |          [01;31m[K^~~~~~~~~~~~~~~~~~~~~~~~~~~~~~~~~~~~~~~~~~~~~~~[m[K
[3.579s] compilation terminated.
[3.613s] gmake[2]: *** [CMakeFiles/garmi_controllers.dir/build.make:90: CMakeFiles/garmi_controllers.dir/src/head_controller.cpp.o] Error 1
[3.614s] gmake[1]: *** [CMakeFiles/Makefile2:137: CMakeFiles/garmi_controllers.dir/all] Error 2
[3.614s] gmake: *** [Makefile:146: all] Error 2
[3.721s] Invoked command in '/media/kai/Kai_Backup/Master_Study/Master_Thesis/Implementation/libfranka_ws/build/garmi_controllers' returned '2': CMAKE_PREFIX_PATH=${CMAKE_PREFIX_PATH}:/opt/ros/humble /usr/bin/cmake --build /media/kai/Kai_Backup/Master_Study/Master_Thesis/Implementation/libfranka_ws/build/garmi_controllers -- -j12 -l12
