-- The C compiler identification is GNU 11.4.0
-- The CXX compiler identification is GNU 11.4.0
-- Detecting C compiler ABI info
-- Detecting C compiler ABI info - done
-- Check for working C compiler: /usr/bin/cc - skipped
-- Detecting C compile features
-- Detecting C compile features - done
-- Detecting CXX compiler ABI info
-- Detecting CXX compiler ABI info - done
-- Check for working CXX compiler: /usr/bin/c++ - skipped
-- Detecting CXX compile features
-- Detecting CXX compile features - done
-- Found ament_cmake: 1.3.12 (/opt/ros/humble/share/ament_cmake/cmake)
-- Found Python3: /usr/bin/python3 (found version "3.10.12") found components: Interpreter 
-- Override CMake install command with custom implementation using symlinks instead of copying resources
-- Found geometry_msgs: 4.9.0 (/opt/ros/humble/share/geometry_msgs/cmake)
-- Found rosidl_generator_c: 3.1.7 (/opt/ros/humble/share/rosidl_generator_c/cmake)
-- Found rosidl_adapter: 3.1.7 (/opt/ros/humble/share/rosidl_adapter/cmake)
-- Found rosidl_generator_cpp: 3.1.7 (/opt/ros/humble/share/rosidl_generator_cpp/cmake)
-- Using all available rosidl_typesupport_c: rosidl_typesupport_fastrtps_c;rosidl_typesupport_introspection_c
-- Using all available rosidl_typesupport_cpp: rosidl_typesupport_fastrtps_cpp;rosidl_typesupport_introspection_cpp
-- Found rosidl_default_generators: 1.2.0 (/opt/ros/humble/share/rosidl_default_generators/cmake)
-- Found ament_cmake_ros: 0.10.0 (/opt/ros/humble/share/ament_cmake_ros/cmake)
-- Using all available rosidl_typesupport_c: rosidl_typesupport_fastrtps_c;rosidl_typesupport_introspection_c
-- Using all available rosidl_typesupport_cpp: rosidl_typesupport_fastrtps_cpp;rosidl_typesupport_introspection_cpp
-- Found PythonInterp: /usr/bin/python3 (found suitable version "3.10.12", minimum required is "3.6") 
-- Found python_cmake_module: 0.10.0 (/opt/ros/humble/share/python_cmake_module/cmake)
-- Found PythonLibs: /usr/lib/x86_64-linux-gnu/libpython3.10.so (found suitable version "3.10.12", minimum required is "3.5") 
-- Using PYTHON_EXECUTABLE: /usr/bin/python3
-- Using PYTHON_INCLUDE_DIRS: /usr/include/python3.10
-- Using PYTHON_LIBRARIES: /usr/lib/x86_64-linux-gnu/libpython3.10.so
-- Found PythonExtra: .so  
-- Found ament_lint_auto: 0.12.14 (/opt/ros/humble/share/ament_lint_auto/cmake)
-- Added test 'lint_cmake' to check CMake code style
-- Added test 'xmllint' to check XML markup files
-- Configuring done
-- Generating done
-- Build files have been written to: /media/kai/Kai_Backup/Master_Study/Master_Thesis/Implementation/libfranka_ws/build/panda_motion_generator_msgs
[  1%] [34m[1mGenerating C++ code for ROS interfaces[0m
[  1%] Built target panda_motion_generator_msgs__cpp
[  1%] Built target ament_cmake_python_symlink_panda_motion_generator_msgs
[  3%] [34m[1mGenerating C++ introspection for ROS interfaces[0m
[  4%] [32mBuilding CXX object CMakeFiles/panda_motion_generator_msgs__rosidl_typesupport_introspection_cpp.dir/rosidl_typesupport_introspection_cpp/panda_motion_generator_msgs/msg/detail/joint_pose__type_support.cpp.o[0m
[  6%] [32mBuilding CXX object CMakeFiles/panda_motion_generator_msgs__rosidl_typesupport_introspection_cpp.dir/rosidl_typesupport_introspection_cpp/panda_motion_generator_msgs/action/detail/joint_via_motion__type_support.cpp.o[0m
[  7%] [32mBuilding CXX object CMakeFiles/panda_motion_generator_msgs__rosidl_typesupport_introspection_cpp.dir/rosidl_typesupport_introspection_cpp/panda_motion_generator_msgs/action/detail/cartesian_via_motion__type_support.cpp.o[0m
[  9%] [32mBuilding CXX object CMakeFiles/panda_motion_generator_msgs__rosidl_typesupport_introspection_cpp.dir/rosidl_typesupport_introspection_cpp/panda_motion_generator_msgs/msg/detail/simple_action_result__type_support.cpp.o[0m
[ 11%] [32mBuilding CXX object CMakeFiles/panda_motion_generator_msgs__rosidl_typesupport_introspection_cpp.dir/rosidl_typesupport_introspection_cpp/panda_motion_generator_msgs/msg/detail/set_time_scaling__type_support.cpp.o[0m
[ 12%] [32m[1mLinking CXX shared library libpanda_motion_generator_msgs__rosidl_typesupport_introspection_cpp.so[0m
[ 12%] Built target panda_motion_generator_msgs__rosidl_typesupport_introspection_cpp
running egg_info
creating panda_motion_generator_msgs.egg-info
writing panda_motion_generator_msgs.egg-info/PKG-INFO
writing dependency_links to panda_motion_generator_msgs.egg-info/dependency_links.txt
writing top-level names to panda_motion_generator_msgs.egg-info/top_level.txt
writing manifest file 'panda_motion_generator_msgs.egg-info/SOURCES.txt'
reading manifest file 'panda_motion_generator_msgs.egg-info/SOURCES.txt'
writing manifest file 'panda_motion_generator_msgs.egg-info/SOURCES.txt'
[ 12%] Built target ament_cmake_python_build_panda_motion_generator_msgs_egg
[ 14%] [34m[1mGenerating C++ type support for eProsima Fast-RTPS[0m
[ 15%] [32mBuilding CXX object CMakeFiles/panda_motion_generator_msgs__rosidl_typesupport_fastrtps_cpp.dir/rosidl_typesupport_fastrtps_cpp/panda_motion_generator_msgs/msg/detail/dds_fastrtps/joint_pose__type_support.cpp.o[0m
[ 17%] [32mBuilding CXX object CMakeFiles/panda_motion_generator_msgs__rosidl_typesupport_fastrtps_cpp.dir/rosidl_typesupport_fastrtps_cpp/panda_motion_generator_msgs/action/detail/dds_fastrtps/joint_via_motion__type_support.cpp.o[0m
[ 19%] [32mBuilding CXX object CMakeFiles/panda_motion_generator_msgs__rosidl_typesupport_fastrtps_cpp.dir/rosidl_typesupport_fastrtps_cpp/panda_motion_generator_msgs/action/detail/dds_fastrtps/cartesian_via_motion__type_support.cpp.o[0m
[ 20%] [32mBuilding CXX object CMakeFiles/panda_motion_generator_msgs__rosidl_typesupport_fastrtps_cpp.dir/rosidl_typesupport_fastrtps_cpp/panda_motion_generator_msgs/msg/detail/dds_fastrtps/simple_action_result__type_support.cpp.o[0m
[ 22%] [32mBuilding CXX object CMakeFiles/panda_motion_generator_msgs__rosidl_typesupport_fastrtps_cpp.dir/rosidl_typesupport_fastrtps_cpp/panda_motion_generator_msgs/msg/detail/dds_fastrtps/set_time_scaling__type_support.cpp.o[0m
[ 23%] [32m[1mLinking CXX shared library libpanda_motion_generator_msgs__rosidl_typesupport_fastrtps_cpp.so[0m
[ 23%] Built target panda_motion_generator_msgs__rosidl_typesupport_fastrtps_cpp
[ 25%] [34m[1mGenerating C++ type support dispatch for ROS interfaces[0m
[ 26%] [32mBuilding CXX object CMakeFiles/panda_motion_generator_msgs__rosidl_typesupport_cpp.dir/rosidl_typesupport_cpp/panda_motion_generator_msgs/msg/joint_pose__type_support.cpp.o[0m
[ 28%] [32mBuilding CXX object CMakeFiles/panda_motion_generator_msgs__rosidl_typesupport_cpp.dir/rosidl_typesupport_cpp/panda_motion_generator_msgs/action/joint_via_motion__type_support.cpp.o[0m
[ 30%] [32mBuilding CXX object CMakeFiles/panda_motion_generator_msgs__rosidl_typesupport_cpp.dir/rosidl_typesupport_cpp/panda_motion_generator_msgs/action/cartesian_via_motion__type_support.cpp.o[0m
[ 31%] [32mBuilding CXX object CMakeFiles/panda_motion_generator_msgs__rosidl_typesupport_cpp.dir/rosidl_typesupport_cpp/panda_motion_generator_msgs/msg/simple_action_result__type_support.cpp.o[0m
[ 33%] [32mBuilding CXX object CMakeFiles/panda_motion_generator_msgs__rosidl_typesupport_cpp.dir/rosidl_typesupport_cpp/panda_motion_generator_msgs/msg/set_time_scaling__type_support.cpp.o[0m
[ 34%] [32m[1mLinking CXX shared library libpanda_motion_generator_msgs__rosidl_typesupport_cpp.so[0m
[ 34%] Built target panda_motion_generator_msgs__rosidl_typesupport_cpp
[ 36%] [34m[1mGenerating C code for ROS interfaces[0m
[ 38%] [32mBuilding C object CMakeFiles/panda_motion_generator_msgs__rosidl_generator_c.dir/rosidl_generator_c/panda_motion_generator_msgs/msg/detail/joint_pose__functions.c.o[0m
[ 39%] [32mBuilding C object CMakeFiles/panda_motion_generator_msgs__rosidl_generator_c.dir/rosidl_generator_c/panda_motion_generator_msgs/action/detail/joint_via_motion__functions.c.o[0m
[ 41%] [32mBuilding C object CMakeFiles/panda_motion_generator_msgs__rosidl_generator_c.dir/rosidl_generator_c/panda_motion_generator_msgs/action/detail/cartesian_via_motion__functions.c.o[0m
[ 42%] [32mBuilding C object CMakeFiles/panda_motion_generator_msgs__rosidl_generator_c.dir/rosidl_generator_c/panda_motion_generator_msgs/msg/detail/simple_action_result__functions.c.o[0m
[ 44%] [32mBuilding C object CMakeFiles/panda_motion_generator_msgs__rosidl_generator_c.dir/rosidl_generator_c/panda_motion_generator_msgs/msg/detail/set_time_scaling__functions.c.o[0m
[ 46%] [32m[1mLinking C shared library libpanda_motion_generator_msgs__rosidl_generator_c.so[0m
[ 46%] Built target panda_motion_generator_msgs__rosidl_generator_c
[ 47%] [34m[1mGenerating C type support for eProsima Fast-RTPS[0m
Traceback (most recent call last):
  File "/usr/lib/python3/dist-packages/lark/load_grammar.py", line 918, in _get_parser
    return _get_parser.cache
AttributeError: 'function' object has no attribute 'cache'

During handling of the above exception, another exception occurred:

Traceback (most recent call last):
  File "/opt/ros/humble/lib/rosidl_typesupport_fastrtps_c/rosidl_typesupport_fastrtps_c", line 33, in <module>
    sys.exit(main())
  File "/opt/ros/humble/lib/rosidl_typesupport_fastrtps_c/rosidl_typesupport_fastrtps_c", line 29, in main
    generate_typesupport_fastrtps_c(args.generator_arguments_file)
  File "/opt/ros/humble/local/lib/python3.10/dist-packages/rosidl_typesupport_fastrtps_c/__init__.py", line 24, in generate_typesupport_fastrtps_c
    return generate_files(generator_arguments_file, mapping)
  File "/opt/ros/humble/local/lib/python3.10/dist-packages/rosidl_cmake/__init__.py", line 74, in generate_files
    idl_file = parse_idl_file(locator)
  File "/opt/ros/humble/local/lib/python3.10/dist-packages/rosidl_parser/parser.py", line 64, in parse_idl_file
    content = parse_idl_string(string, png_file=png_file)
  File "/opt/ros/humble/local/lib/python3.10/dist-packages/rosidl_parser/parser.py", line 72, in parse_idl_string
    tree = get_ast_from_idl_string(idl_string)
  File "/opt/ros/humble/local/lib/python3.10/dist-packages/rosidl_parser/parser.py", line 88, in get_ast_from_idl_string
    _parser = Lark(grammar, start='specification', maybe_placeholders=False)
  File "/usr/lib/python3/dist-packages/lark/lark.py", line 333, in __init__
    self.grammar, used_files = load_grammar(grammar, self.source_path, self.options.import_paths, self.options.keep_all_tokens)
  File "/usr/lib/python3/dist-packages/lark/load_grammar.py", line 1408, in load_grammar
    builder.load_grammar(grammar, source)
  File "/usr/lib/python3/dist-packages/lark/load_grammar.py", line 1233, in load_grammar
    tree = _parse_grammar(grammar_text, grammar_name)
  File "/usr/lib/python3/dist-packages/lark/load_grammar.py", line 961, in _parse_grammar
    tree = _get_parser().parse(text + '\n', start)
  File "/usr/lib/python3/dist-packages/lark/load_grammar.py", line 933, in _get_parser
    _get_parser.cache = ParsingFrontend(lexer_conf, parser_conf, None)
  File "/usr/lib/python3/dist-packages/lark/parser_frontends.py", line 76, in __init__
    self.lexer = create_lexer(lexer_conf, self.parser, lexer_conf.postlex, options)
  File "/usr/lib/python3/dist-packages/lark/parser_frontends.py", line 143, in create_basic_lexer
    return cls(lexer_conf)
  File "/usr/lib/python3/dist-packages/lark/lexer.py", line 395, in __init__
    def __init__(self, conf: 'LexerConf') -> None:
KeyboardInterrupt
gmake[2]: *** [CMakeFiles/panda_motion_generator_msgs__rosidl_typesupport_fastrtps_c.dir/build.make:155: rosidl_typesupport_fastrtps_c/panda_motion_generator_msgs/msg/detail/joint_pose__rosidl_typesupport_fastrtps_c.h] Interrupt
gmake[1]: *** [CMakeFiles/Makefile2:238: CMakeFiles/panda_motion_generator_msgs__rosidl_typesupport_fastrtps_c.dir/all] Interrupt
gmake: *** [Makefile:146: all] Interrupt
