[0.083s] Invoking command in '/media/kai/Kai_Backup/Master_Study/Master_Thesis/Implementation/libfranka_ws/build/panda_motion_generator_msgs': CMAKE_PREFIX_PATH=${CMAKE_PREFIX_PATH}:/opt/ros/humble /usr/bin/cmake /media/kai/Kai_Backup/Master_Study/Master_Thesis/Implementation/libfranka_ws/src/multipanda_ros2/franka_multi_mode_controller/panda_motion_generator_msgs -DAMENT_CMAKE_SYMLINK_INSTALL=1 -DCMAKE_INSTALL_PREFIX=/media/kai/Kai_Backup/Master_Study/Master_Thesis/Implementation/libfranka_ws/install/panda_motion_generator_msgs
[0.850s] -- The C compiler identification is GNU 11.4.0
[0.850s] -- The CXX compiler identification is GNU 11.4.0
[0.850s] -- Detecting C compiler ABI info
[0.850s] -- Detecting C compiler ABI info - done
[0.850s] -- Check for working C compiler: /usr/bin/cc - skipped
[0.851s] -- Detecting C compile features
[0.851s] -- Detecting C compile features - done
[0.851s] -- Detecting CXX compiler ABI info
[0.851s] -- Detecting CXX compiler ABI info - done
[0.851s] -- Check for working CXX compiler: /usr/bin/c++ - skipped
[0.851s] -- Detecting CXX compile features
[0.851s] -- Detecting CXX compile features - done
[0.851s] -- Found ament_cmake: 1.3.12 (/opt/ros/humble/share/ament_cmake/cmake)
[1.147s] -- Found Python3: /usr/bin/python3 (found version "3.10.12") found components: Interpreter 
[1.356s] -- Override CMake install command with custom implementation using symlinks instead of copying resources
[1.584s] -- Found geometry_msgs: 4.9.0 (/opt/ros/humble/share/geometry_msgs/cmake)
[1.876s] -- Found rosidl_generator_c: 3.1.7 (/opt/ros/humble/share/rosidl_generator_c/cmake)
[1.931s] -- Found rosidl_adapter: 3.1.7 (/opt/ros/humble/share/rosidl_adapter/cmake)
[1.987s] -- Found rosidl_generator_cpp: 3.1.7 (/opt/ros/humble/share/rosidl_generator_cpp/cmake)
[2.054s] -- Using all available rosidl_typesupport_c: rosidl_typesupport_fastrtps_c;rosidl_typesupport_introspection_c
[2.140s] -- Using all available rosidl_typesupport_cpp: rosidl_typesupport_fastrtps_cpp;rosidl_typesupport_introspection_cpp
[2.293s] -- Found rosidl_default_generators: 1.2.0 (/opt/ros/humble/share/rosidl_default_generators/cmake)
[4.504s] -- Found ament_cmake_ros: 0.10.0 (/opt/ros/humble/share/ament_cmake_ros/cmake)
[7.872s] -- Using all available rosidl_typesupport_c: rosidl_typesupport_fastrtps_c;rosidl_typesupport_introspection_c
[8.903s] -- Using all available rosidl_typesupport_cpp: rosidl_typesupport_fastrtps_cpp;rosidl_typesupport_introspection_cpp
[9.093s] -- Found PythonInterp: /usr/bin/python3 (found suitable version "3.10.12", minimum required is "3.6") 
[9.108s] -- Found python_cmake_module: 0.10.0 (/opt/ros/humble/share/python_cmake_module/cmake)
[9.355s] -- Found PythonLibs: /usr/lib/x86_64-linux-gnu/libpython3.10.so (found suitable version "3.10.12", minimum required is "3.5") 
[9.355s] -- Using PYTHON_EXECUTABLE: /usr/bin/python3
[9.356s] -- Using PYTHON_INCLUDE_DIRS: /usr/include/python3.10
[9.356s] -- Using PYTHON_LIBRARIES: /usr/lib/x86_64-linux-gnu/libpython3.10.so
[9.568s] -- Found PythonExtra: .so  
[9.931s] -- Found ament_lint_auto: 0.12.14 (/opt/ros/humble/share/ament_lint_auto/cmake)
[10.032s] -- Added test 'lint_cmake' to check CMake code style
[10.040s] -- Added test 'xmllint' to check XML markup files
[10.103s] -- Configuring done
[10.384s] -- Generating done
[10.476s] -- Build files have been written to: /media/kai/Kai_Backup/Master_Study/Master_Thesis/Implementation/libfranka_ws/build/panda_motion_generator_msgs
[10.546s] Invoked command in '/media/kai/Kai_Backup/Master_Study/Master_Thesis/Implementation/libfranka_ws/build/panda_motion_generator_msgs' returned '0': CMAKE_PREFIX_PATH=${CMAKE_PREFIX_PATH}:/opt/ros/humble /usr/bin/cmake /media/kai/Kai_Backup/Master_Study/Master_Thesis/Implementation/libfranka_ws/src/multipanda_ros2/franka_multi_mode_controller/panda_motion_generator_msgs -DAMENT_CMAKE_SYMLINK_INSTALL=1 -DCMAKE_INSTALL_PREFIX=/media/kai/Kai_Backup/Master_Study/Master_Thesis/Implementation/libfranka_ws/install/panda_motion_generator_msgs
[10.549s] Invoking command in '/media/kai/Kai_Backup/Master_Study/Master_Thesis/Implementation/libfranka_ws/build/panda_motion_generator_msgs': CMAKE_PREFIX_PATH=${CMAKE_PREFIX_PATH}:/opt/ros/humble /usr/bin/cmake --build /media/kai/Kai_Backup/Master_Study/Master_Thesis/Implementation/libfranka_ws/build/panda_motion_generator_msgs -- -j12 -l12
[11.014s] [  1%] [34m[1mGenerating C++ code for ROS interfaces[0m
[14.550s] [  1%] Built target panda_motion_generator_msgs__cpp
[14.755s] [  1%] Built target ament_cmake_python_symlink_panda_motion_generator_msgs
[14.875s] [  3%] [34m[1mGenerating C++ introspection for ROS interfaces[0m
[17.601s] [  4%] [32mBuilding CXX object CMakeFiles/panda_motion_generator_msgs__rosidl_typesupport_introspection_cpp.dir/rosidl_typesupport_introspection_cpp/panda_motion_generator_msgs/msg/detail/joint_pose__type_support.cpp.o[0m
[19.105s] [  6%] [32mBuilding CXX object CMakeFiles/panda_motion_generator_msgs__rosidl_typesupport_introspection_cpp.dir/rosidl_typesupport_introspection_cpp/panda_motion_generator_msgs/action/detail/joint_via_motion__type_support.cpp.o[0m
[21.326s] [  7%] [32mBuilding CXX object CMakeFiles/panda_motion_generator_msgs__rosidl_typesupport_introspection_cpp.dir/rosidl_typesupport_introspection_cpp/panda_motion_generator_msgs/action/detail/cartesian_via_motion__type_support.cpp.o[0m
[23.255s] [  9%] [32mBuilding CXX object CMakeFiles/panda_motion_generator_msgs__rosidl_typesupport_introspection_cpp.dir/rosidl_typesupport_introspection_cpp/panda_motion_generator_msgs/msg/detail/simple_action_result__type_support.cpp.o[0m
[24.300s] [ 11%] [32mBuilding CXX object CMakeFiles/panda_motion_generator_msgs__rosidl_typesupport_introspection_cpp.dir/rosidl_typesupport_introspection_cpp/panda_motion_generator_msgs/msg/detail/set_time_scaling__type_support.cpp.o[0m
[26.089s] [ 12%] [32m[1mLinking CXX shared library libpanda_motion_generator_msgs__rosidl_typesupport_introspection_cpp.so[0m
[26.545s] [ 12%] Built target panda_motion_generator_msgs__rosidl_typesupport_introspection_cpp
[27.291s] running egg_info
[27.294s] creating panda_motion_generator_msgs.egg-info
[27.295s] writing panda_motion_generator_msgs.egg-info/PKG-INFO
[27.297s] writing dependency_links to panda_motion_generator_msgs.egg-info/dependency_links.txt
[27.298s] writing top-level names to panda_motion_generator_msgs.egg-info/top_level.txt
[27.300s] writing manifest file 'panda_motion_generator_msgs.egg-info/SOURCES.txt'
[27.307s] reading manifest file 'panda_motion_generator_msgs.egg-info/SOURCES.txt'
[27.310s] writing manifest file 'panda_motion_generator_msgs.egg-info/SOURCES.txt'
[27.507s] [ 12%] Built target ament_cmake_python_build_panda_motion_generator_msgs_egg
[27.614s] [ 14%] [34m[1mGenerating C++ type support for eProsima Fast-RTPS[0m
[30.194s] [ 15%] [32mBuilding CXX object CMakeFiles/panda_motion_generator_msgs__rosidl_typesupport_fastrtps_cpp.dir/rosidl_typesupport_fastrtps_cpp/panda_motion_generator_msgs/msg/detail/dds_fastrtps/joint_pose__type_support.cpp.o[0m
[31.581s] [ 17%] [32mBuilding CXX object CMakeFiles/panda_motion_generator_msgs__rosidl_typesupport_fastrtps_cpp.dir/rosidl_typesupport_fastrtps_cpp/panda_motion_generator_msgs/action/detail/dds_fastrtps/joint_via_motion__type_support.cpp.o[0m
[33.196s] [ 19%] [32mBuilding CXX object CMakeFiles/panda_motion_generator_msgs__rosidl_typesupport_fastrtps_cpp.dir/rosidl_typesupport_fastrtps_cpp/panda_motion_generator_msgs/action/detail/dds_fastrtps/cartesian_via_motion__type_support.cpp.o[0m
[34.719s] [ 20%] [32mBuilding CXX object CMakeFiles/panda_motion_generator_msgs__rosidl_typesupport_fastrtps_cpp.dir/rosidl_typesupport_fastrtps_cpp/panda_motion_generator_msgs/msg/detail/dds_fastrtps/simple_action_result__type_support.cpp.o[0m
[35.610s] [ 22%] [32mBuilding CXX object CMakeFiles/panda_motion_generator_msgs__rosidl_typesupport_fastrtps_cpp.dir/rosidl_typesupport_fastrtps_cpp/panda_motion_generator_msgs/msg/detail/dds_fastrtps/set_time_scaling__type_support.cpp.o[0m
[36.766s] [ 23%] [32m[1mLinking CXX shared library libpanda_motion_generator_msgs__rosidl_typesupport_fastrtps_cpp.so[0m
[37.074s] [ 23%] Built target panda_motion_generator_msgs__rosidl_typesupport_fastrtps_cpp
[37.134s] [ 25%] [34m[1mGenerating C++ type support dispatch for ROS interfaces[0m
[38.534s] [ 26%] [32mBuilding CXX object CMakeFiles/panda_motion_generator_msgs__rosidl_typesupport_cpp.dir/rosidl_typesupport_cpp/panda_motion_generator_msgs/msg/joint_pose__type_support.cpp.o[0m
[39.245s] [ 28%] [32mBuilding CXX object CMakeFiles/panda_motion_generator_msgs__rosidl_typesupport_cpp.dir/rosidl_typesupport_cpp/panda_motion_generator_msgs/action/joint_via_motion__type_support.cpp.o[0m
[40.672s] [ 30%] [32mBuilding CXX object CMakeFiles/panda_motion_generator_msgs__rosidl_typesupport_cpp.dir/rosidl_typesupport_cpp/panda_motion_generator_msgs/action/cartesian_via_motion__type_support.cpp.o[0m
[41.826s] [ 31%] [32mBuilding CXX object CMakeFiles/panda_motion_generator_msgs__rosidl_typesupport_cpp.dir/rosidl_typesupport_cpp/panda_motion_generator_msgs/msg/simple_action_result__type_support.cpp.o[0m
[42.414s] [ 33%] [32mBuilding CXX object CMakeFiles/panda_motion_generator_msgs__rosidl_typesupport_cpp.dir/rosidl_typesupport_cpp/panda_motion_generator_msgs/msg/set_time_scaling__type_support.cpp.o[0m
[42.921s] [ 34%] [32m[1mLinking CXX shared library libpanda_motion_generator_msgs__rosidl_typesupport_cpp.so[0m
[43.044s] [ 34%] Built target panda_motion_generator_msgs__rosidl_typesupport_cpp
[43.087s] [ 36%] [34m[1mGenerating C code for ROS interfaces[0m
[45.389s] [ 38%] [32mBuilding C object CMakeFiles/panda_motion_generator_msgs__rosidl_generator_c.dir/rosidl_generator_c/panda_motion_generator_msgs/msg/detail/joint_pose__functions.c.o[0m
[45.507s] [ 39%] [32mBuilding C object CMakeFiles/panda_motion_generator_msgs__rosidl_generator_c.dir/rosidl_generator_c/panda_motion_generator_msgs/action/detail/joint_via_motion__functions.c.o[0m
[45.734s] [ 41%] [32mBuilding C object CMakeFiles/panda_motion_generator_msgs__rosidl_generator_c.dir/rosidl_generator_c/panda_motion_generator_msgs/action/detail/cartesian_via_motion__functions.c.o[0m
[45.976s] [ 42%] [32mBuilding C object CMakeFiles/panda_motion_generator_msgs__rosidl_generator_c.dir/rosidl_generator_c/panda_motion_generator_msgs/msg/detail/simple_action_result__functions.c.o[0m
[46.082s] [ 44%] [32mBuilding C object CMakeFiles/panda_motion_generator_msgs__rosidl_generator_c.dir/rosidl_generator_c/panda_motion_generator_msgs/msg/detail/set_time_scaling__functions.c.o[0m
[46.183s] [ 46%] [32m[1mLinking C shared library libpanda_motion_generator_msgs__rosidl_generator_c.so[0m
[46.230s] [ 46%] Built target panda_motion_generator_msgs__rosidl_generator_c
[46.241s] [ 47%] [34m[1mGenerating C type support for eProsima Fast-RTPS[0m
[46.408s] Traceback (most recent call last):
[46.411s]   File "/usr/lib/python3/dist-packages/lark/load_grammar.py", line 918, in _get_parser
[46.411s]     return _get_parser.cache
[46.412s] AttributeError: 'function' object has no attribute 'cache'
[46.412s] 
[46.412s] During handling of the above exception, another exception occurred:
[46.412s] 
[46.412s] Traceback (most recent call last):
[46.412s]   File "/opt/ros/humble/lib/rosidl_typesupport_fastrtps_c/rosidl_typesupport_fastrtps_c", line 33, in <module>
[46.412s]     sys.exit(main())
[46.413s]   File "/opt/ros/humble/lib/rosidl_typesupport_fastrtps_c/rosidl_typesupport_fastrtps_c", line 29, in main
[46.413s]     generate_typesupport_fastrtps_c(args.generator_arguments_file)
[46.413s]   File "/opt/ros/humble/local/lib/python3.10/dist-packages/rosidl_typesupport_fastrtps_c/__init__.py", line 24, in generate_typesupport_fastrtps_c
[46.413s]     return generate_files(generator_arguments_file, mapping)
[46.413s]   File "/opt/ros/humble/local/lib/python3.10/dist-packages/rosidl_cmake/__init__.py", line 74, in generate_files
[46.413s]     idl_file = parse_idl_file(locator)
[46.413s]   File "/opt/ros/humble/local/lib/python3.10/dist-packages/rosidl_parser/parser.py", line 64, in parse_idl_file
[46.413s]     content = parse_idl_string(string, png_file=png_file)
[46.414s]   File "/opt/ros/humble/local/lib/python3.10/dist-packages/rosidl_parser/parser.py", line 72, in parse_idl_string
[46.414s]     tree = get_ast_from_idl_string(idl_string)
[46.414s]   File "/opt/ros/humble/local/lib/python3.10/dist-packages/rosidl_parser/parser.py", line 88, in get_ast_from_idl_string
[46.414s]     _parser = Lark(grammar, start='specification', maybe_placeholders=False)
[46.414s]   File "/usr/lib/python3/dist-packages/lark/lark.py", line 333, in __init__
[46.414s]     self.grammar, used_files = load_grammar(grammar, self.source_path, self.options.import_paths, self.options.keep_all_tokens)
[46.414s]   File "/usr/lib/python3/dist-packages/lark/load_grammar.py", line 1408, in load_grammar
[46.414s]     builder.load_grammar(grammar, source)
[46.415s]   File "/usr/lib/python3/dist-packages/lark/load_grammar.py", line 1233, in load_grammar
[46.415s]     tree = _parse_grammar(grammar_text, grammar_name)
[46.415s]   File "/usr/lib/python3/dist-packages/lark/load_grammar.py", line 961, in _parse_grammar
[46.415s]     tree = _get_parser().parse(text + '\n', start)
[46.415s]   File "/usr/lib/python3/dist-packages/lark/load_grammar.py", line 933, in _get_parser
[46.415s]     _get_parser.cache = ParsingFrontend(lexer_conf, parser_conf, None)
[46.415s]   File "/usr/lib/python3/dist-packages/lark/parser_frontends.py", line 76, in __init__
[46.415s]     self.lexer = create_lexer(lexer_conf, self.parser, lexer_conf.postlex, options)
[46.415s]   File "/usr/lib/python3/dist-packages/lark/parser_frontends.py", line 143, in create_basic_lexer
[46.416s]     return cls(lexer_conf)
[46.416s]   File "/usr/lib/python3/dist-packages/lark/lexer.py", line 395, in __init__
[46.416s]     def __init__(self, conf: 'LexerConf') -> None:
[46.416s] KeyboardInterrupt
[46.436s] gmake[2]: *** [CMakeFiles/panda_motion_generator_msgs__rosidl_typesupport_fastrtps_c.dir/build.make:155: rosidl_typesupport_fastrtps_c/panda_motion_generator_msgs/msg/detail/joint_pose__rosidl_typesupport_fastrtps_c.h] Interrupt
[46.437s] gmake[1]: *** [CMakeFiles/Makefile2:238: CMakeFiles/panda_motion_generator_msgs__rosidl_typesupport_fastrtps_c.dir/all] Interrupt
[46.437s] gmake: *** [Makefile:146: all] Interrupt
